CRITICAL - 2023-01-24 03:58:43 --> syntax error, unexpected token "}", expecting ";"
in APPPATH\Controllers\Home.php on line 42.
 1 SYSTEMPATH\Autoloader\Autoloader.php(289): CodeIgniter\Autoloader\Autoloader->includeFile('APPPATH\\Controllers\\Home.php')
 2 SYSTEMPATH\Autoloader\Autoloader.php(267): CodeIgniter\Autoloader\Autoloader->loadInNamespace('App\\Controllers\\Home')
 3 [internal function]: CodeIgniter\Autoloader\Autoloader->loadClass('App\\Controllers\\Home')
 4 SYSTEMPATH\CodeIgniter.php(892): class_exists('\\App\\Controllers\\Home', true)
 5 SYSTEMPATH\CodeIgniter.php(486): CodeIgniter\CodeIgniter->startController()
 6 SYSTEMPATH\CodeIgniter.php(368): CodeIgniter\CodeIgniter->handleRequest(null, Object(Config\Cache), false)
 7 FCPATH\index.php(67): CodeIgniter\CodeIgniter->run()
CRITICAL - 2023-01-24 03:59:02 --> syntax error, unexpected token "}", expecting ";"
in APPPATH\Controllers\Home.php on line 49.
 1 SYSTEMPATH\Autoloader\Autoloader.php(289): CodeIgniter\Autoloader\Autoloader->includeFile('APPPATH\\Controllers\\Home.php')
 2 SYSTEMPATH\Autoloader\Autoloader.php(267): CodeIgniter\Autoloader\Autoloader->loadInNamespace('App\\Controllers\\Home')
 3 [internal function]: CodeIgniter\Autoloader\Autoloader->loadClass('App\\Controllers\\Home')
 4 SYSTEMPATH\CodeIgniter.php(892): class_exists('\\App\\Controllers\\Home', true)
 5 SYSTEMPATH\CodeIgniter.php(486): CodeIgniter\CodeIgniter->startController()
 6 SYSTEMPATH\CodeIgniter.php(368): CodeIgniter\CodeIgniter->handleRequest(null, Object(Config\Cache), false)
 7 FCPATH\index.php(67): CodeIgniter\CodeIgniter->run()
INFO - 2023-01-24 03:59:17 --> Session: Class initialized using 'CodeIgniter\Session\Handlers\FileHandler' driver.
ERROR - 2023-01-24 04:15:56 --> mysqli_sql_exception: Unknown column '$2y$10$T08pRQJ6o5DzKk8kr80gNOPpIdvHPVaVHbX00BAYO17goaB8A' in 'field list' in C:\xampp\htdocs\treasureHunt\system\Database\MySQLi\Connection.php:295
Stack trace:
#0 C:\xampp\htdocs\treasureHunt\system\Database\MySQLi\Connection.php(295): mysqli->query('INSERT INTO `lo...', 0)
#1 C:\xampp\htdocs\treasureHunt\system\Database\BaseConnection.php(691): CodeIgniter\Database\MySQLi\Connection->execute('INSERT INTO `lo...')
#2 C:\xampp\htdocs\treasureHunt\system\Database\BaseConnection.php(605): CodeIgniter\Database\BaseConnection->simpleQuery('INSERT INTO `lo...')
#3 C:\xampp\htdocs\treasureHunt\app\Controllers\Home.php(34): CodeIgniter\Database\BaseConnection->query('INSERT INTO `lo...')
#4 C:\xampp\htdocs\treasureHunt\system\CodeIgniter.php(934): App\Controllers\Home->adminPanel()
#5 C:\xampp\htdocs\treasureHunt\system\CodeIgniter.php(499): CodeIgniter\CodeIgniter->runController(Object(App\Controllers\Home))
#6 C:\xampp\htdocs\treasureHunt\system\CodeIgniter.php(368): CodeIgniter\CodeIgniter->handleRequest(NULL, Object(Config\Cache), false)
#7 C:\xampp\htdocs\treasureHunt\public\index.php(67): CodeIgniter\CodeIgniter->run()
#8 {main}
CRITICAL - 2023-01-24 04:15:56 --> Unknown column '$2y$10$T08pRQJ6o5DzKk8kr80gNOPpIdvHPVaVHbX00BAYO17goaB8A' in 'field list'
in SYSTEMPATH\Database\BaseConnection.php on line 645.
 1 APPPATH\Controllers\Home.php(34): CodeIgniter\Database\BaseConnection->query('INSERT INTO `login`(`uname`,`pass`,`type`) VALUES(\'admin\',$2y$10$T08pRQJ6o5DzKk8kr80gNOPpIdvHPVaVHbX00BAYO17goaB8A/pNi,\'admin\')')
 2 SYSTEMPATH\CodeIgniter.php(934): App\Controllers\Home->adminPanel()
 3 SYSTEMPATH\CodeIgniter.php(499): CodeIgniter\CodeIgniter->runController(Object(App\Controllers\Home))
 4 SYSTEMPATH\CodeIgniter.php(368): CodeIgniter\CodeIgniter->handleRequest(null, Object(Config\Cache), false)
 5 FCPATH\index.php(67): CodeIgniter\CodeIgniter->run()
INFO - 2023-01-24 04:17:28 --> Session: Class initialized using 'CodeIgniter\Session\Handlers\FileHandler' driver.
INFO - 2023-01-24 04:23:12 --> Session: Class initialized using 'CodeIgniter\Session\Handlers\FileHandler' driver.
CRITICAL - 2023-01-24 04:24:34 --> syntax error, unexpected token "exit", expecting "," or ";"
in APPPATH\Validations\UserRules.php on line 11.
 1 SYSTEMPATH\Autoloader\Autoloader.php(289): CodeIgniter\Autoloader\Autoloader->includeFile('APPPATH\\Validations\\UserRules.php')
 2 SYSTEMPATH\Autoloader\Autoloader.php(267): CodeIgniter\Autoloader\Autoloader->loadInNamespace('App\\Validations\\UserRules')
 3 SYSTEMPATH\Validation\Validation.php(596): CodeIgniter\Autoloader\Autoloader->loadClass('App\\Validations\\UserRules')
 4 SYSTEMPATH\Validation\Validation.php(117): CodeIgniter\Validation\Validation->loadRuleSets()
 5 SYSTEMPATH\Controller.php(140): CodeIgniter\Validation\Validation->run()
 6 APPPATH\Controllers\Home.php(26): CodeIgniter\Controller->validate([...])
 7 SYSTEMPATH\CodeIgniter.php(934): App\Controllers\Home->login()
 8 SYSTEMPATH\CodeIgniter.php(499): CodeIgniter\CodeIgniter->runController(Object(App\Controllers\Home))
 9 SYSTEMPATH\CodeIgniter.php(368): CodeIgniter\CodeIgniter->handleRequest(null, Object(Config\Cache), false)
10 FCPATH\index.php(67): CodeIgniter\CodeIgniter->run()
INFO - 2023-01-24 04:26:59 --> Session: Class initialized using 'CodeIgniter\Session\Handlers\FileHandler' driver.
INFO - 2023-01-24 05:00:58 --> Session: Class initialized using 'CodeIgniter\Session\Handlers\FileHandler' driver.
INFO - 2023-01-24 05:01:24 --> Session: Class initialized using 'CodeIgniter\Session\Handlers\FileHandler' driver.
INFO - 2023-01-24 05:04:53 --> Session: Class initialized using 'CodeIgniter\Session\Handlers\FileHandler' driver.
INFO - 2023-01-24 05:05:26 --> Session: Class initialized using 'CodeIgniter\Session\Handlers\FileHandler' driver.
INFO - 2023-01-24 05:05:58 --> Session: Class initialized using 'CodeIgniter\Session\Handlers\FileHandler' driver.
INFO - 2023-01-24 05:06:08 --> Session: Class initialized using 'CodeIgniter\Session\Handlers\FileHandler' driver.
INFO - 2023-01-24 05:06:12 --> Session: Class initialized using 'CodeIgniter\Session\Handlers\FileHandler' driver.
INFO - 2023-01-24 05:06:15 --> Session: Class initialized using 'CodeIgniter\Session\Handlers\FileHandler' driver.
INFO - 2023-01-24 05:10:16 --> Session: Class initialized using 'CodeIgniter\Session\Handlers\FileHandler' driver.
INFO - 2023-01-24 05:30:46 --> Session: Class initialized using 'CodeIgniter\Session\Handlers\FileHandler' driver.
CRITICAL - 2023-01-24 05:30:59 --> syntax error, unexpected token ")"
in APPPATH\Models\UserModel.php on line 12.
 1 SYSTEMPATH\Autoloader\Autoloader.php(289): CodeIgniter\Autoloader\Autoloader->includeFile('APPPATH\\Models\\UserModel.php')
 2 SYSTEMPATH\Autoloader\Autoloader.php(267): CodeIgniter\Autoloader\Autoloader->loadInNamespace('App\\Models\\UserModel')
 3 APPPATH\Controllers\Home.php(67): CodeIgniter\Autoloader\Autoloader->loadClass('App\\Models\\UserModel')
 4 SYSTEMPATH\CodeIgniter.php(934): App\Controllers\Home->adminPanel()
 5 SYSTEMPATH\CodeIgniter.php(499): CodeIgniter\CodeIgniter->runController(Object(App\Controllers\Home))
 6 SYSTEMPATH\CodeIgniter.php(368): CodeIgniter\CodeIgniter->handleRequest(null, Object(Config\Cache), false)
 7 FCPATH\index.php(67): CodeIgniter\CodeIgniter->run()
CRITICAL - 2023-01-24 05:31:46 --> Call to undefined function App\Models\passHash()
in APPPATH\Models\UserModel.php on line 11.
 1 SYSTEMPATH\BaseModel.php(1562): App\Models\UserModel->beforeInsert([...])
 2 SYSTEMPATH\BaseModel.php(779): CodeIgniter\BaseModel->trigger('beforeInsert', [...])
 3 SYSTEMPATH\Model.php(729): CodeIgniter\BaseModel->insert([...], false)
 4 SYSTEMPATH\BaseModel.php(692): CodeIgniter\Model->insert([...], false)
 5 APPPATH\Controllers\Home.php(73): CodeIgniter\BaseModel->save([...])
 6 SYSTEMPATH\CodeIgniter.php(934): App\Controllers\Home->adminPanel()
 7 SYSTEMPATH\CodeIgniter.php(499): CodeIgniter\CodeIgniter->runController(Object(App\Controllers\Home))
 8 SYSTEMPATH\CodeIgniter.php(368): CodeIgniter\CodeIgniter->handleRequest(null, Object(Config\Cache), false)
 9 FCPATH\index.php(67): CodeIgniter\CodeIgniter->run()
CRITICAL - 2023-01-24 05:35:29 --> Call to undefined function App\Models\passHash()
in APPPATH\Models\UserModel.php on line 11.
 1 SYSTEMPATH\BaseModel.php(1562): App\Models\UserModel->beforeInsert([...])
 2 SYSTEMPATH\BaseModel.php(779): CodeIgniter\BaseModel->trigger('beforeInsert', [...])
 3 SYSTEMPATH\Model.php(729): CodeIgniter\BaseModel->insert([...], false)
 4 SYSTEMPATH\BaseModel.php(692): CodeIgniter\Model->insert([...], false)
 5 APPPATH\Controllers\Home.php(73): CodeIgniter\BaseModel->save([...])
 6 SYSTEMPATH\CodeIgniter.php(934): App\Controllers\Home->adminPanel()
 7 SYSTEMPATH\CodeIgniter.php(499): CodeIgniter\CodeIgniter->runController(Object(App\Controllers\Home))
 8 SYSTEMPATH\CodeIgniter.php(368): CodeIgniter\CodeIgniter->handleRequest(null, Object(Config\Cache), false)
 9 FCPATH\index.php(67): CodeIgniter\CodeIgniter->run()
INFO - 2023-01-24 05:36:26 --> Session: Class initialized using 'CodeIgniter\Session\Handlers\FileHandler' driver.
ERROR - 2023-01-24 05:43:53 --> mysqli_sql_exception: Duplicate entry 'user7009766371' for key 'uname' in C:\xampp\htdocs\treasureHunt\system\Database\MySQLi\Connection.php:295
Stack trace:
#0 C:\xampp\htdocs\treasureHunt\system\Database\MySQLi\Connection.php(295): mysqli->query('INSERT INTO `lo...', 0)
#1 C:\xampp\htdocs\treasureHunt\system\Database\BaseConnection.php(691): CodeIgniter\Database\MySQLi\Connection->execute('INSERT INTO `lo...')
#2 C:\xampp\htdocs\treasureHunt\system\Database\BaseConnection.php(605): CodeIgniter\Database\BaseConnection->simpleQuery('INSERT INTO `lo...')
#3 C:\xampp\htdocs\treasureHunt\app\Models\UserModel.php(12): CodeIgniter\Database\BaseConnection->query('INSERT INTO `lo...')
#4 C:\xampp\htdocs\treasureHunt\system\BaseModel.php(1562): App\Models\UserModel->beforeInsert(Array)
#5 C:\xampp\htdocs\treasureHunt\system\BaseModel.php(779): CodeIgniter\BaseModel->trigger('beforeInsert', Array)
#6 C:\xampp\htdocs\treasureHunt\system\Model.php(729): CodeIgniter\BaseModel->insert(Array, false)
#7 C:\xampp\htdocs\treasureHunt\system\BaseModel.php(692): CodeIgniter\Model->insert(Array, false)
#8 C:\xampp\htdocs\treasureHunt\app\Controllers\Home.php(75): CodeIgniter\BaseModel->save(Array)
#9 C:\xampp\htdocs\treasureHunt\system\CodeIgniter.php(934): App\Controllers\Home->adminPanel()
#10 C:\xampp\htdocs\treasureHunt\system\CodeIgniter.php(499): CodeIgniter\CodeIgniter->runController(Object(App\Controllers\Home))
#11 C:\xampp\htdocs\treasureHunt\system\CodeIgniter.php(368): CodeIgniter\CodeIgniter->handleRequest(NULL, Object(Config\Cache), false)
#12 C:\xampp\htdocs\treasureHunt\public\index.php(67): CodeIgniter\CodeIgniter->run()
#13 {main}
CRITICAL - 2023-01-24 05:43:53 --> Duplicate entry 'user7009766371' for key 'uname'
in SYSTEMPATH\Database\BaseConnection.php on line 645.
 1 APPPATH\Models\UserModel.php(12): CodeIgniter\Database\BaseConnection->query('INSERT INTO `login`(`uname`,`pass`) VALUES(\'user7009766371\',\'$2y$10$YkFen2WRdLFrMl0siscnk.VGDNhbZAYylcAQZSdPBY13A8R4ityxG\')')
 2 SYSTEMPATH\BaseModel.php(1562): App\Models\UserModel->beforeInsert([...])
 3 SYSTEMPATH\BaseModel.php(779): CodeIgniter\BaseModel->trigger('beforeInsert', [...])
 4 SYSTEMPATH\Model.php(729): CodeIgniter\BaseModel->insert([...], false)
 5 SYSTEMPATH\BaseModel.php(692): CodeIgniter\Model->insert([...], false)
 6 APPPATH\Controllers\Home.php(75): CodeIgniter\BaseModel->save([...])
 7 SYSTEMPATH\CodeIgniter.php(934): App\Controllers\Home->adminPanel()
 8 SYSTEMPATH\CodeIgniter.php(499): CodeIgniter\CodeIgniter->runController(Object(App\Controllers\Home))
 9 SYSTEMPATH\CodeIgniter.php(368): CodeIgniter\CodeIgniter->handleRequest(null, Object(Config\Cache), false)
10 FCPATH\index.php(67): CodeIgniter\CodeIgniter->run()
INFO - 2023-01-24 05:45:34 --> Session: Class initialized using 'CodeIgniter\Session\Handlers\FileHandler' driver.
ERROR - 2023-01-24 05:51:49 --> mysqli_sql_exception: Duplicate entry 'user7009766371' for key 'uname' in C:\xampp\htdocs\treasureHunt\system\Database\MySQLi\Connection.php:295
Stack trace:
#0 C:\xampp\htdocs\treasureHunt\system\Database\MySQLi\Connection.php(295): mysqli->query('INSERT INTO `lo...', 0)
#1 C:\xampp\htdocs\treasureHunt\system\Database\BaseConnection.php(691): CodeIgniter\Database\MySQLi\Connection->execute('INSERT INTO `lo...')
#2 C:\xampp\htdocs\treasureHunt\system\Database\BaseConnection.php(605): CodeIgniter\Database\BaseConnection->simpleQuery('INSERT INTO `lo...')
#3 C:\xampp\htdocs\treasureHunt\app\Models\UserModel.php(12): CodeIgniter\Database\BaseConnection->query('INSERT INTO `lo...')
#4 C:\xampp\htdocs\treasureHunt\system\BaseModel.php(1562): App\Models\UserModel->beforeInsert(Array)
#5 C:\xampp\htdocs\treasureHunt\system\BaseModel.php(779): CodeIgniter\BaseModel->trigger('beforeInsert', Array)
#6 C:\xampp\htdocs\treasureHunt\system\Model.php(729): CodeIgniter\BaseModel->insert(Array, false)
#7 C:\xampp\htdocs\treasureHunt\system\BaseModel.php(692): CodeIgniter\Model->insert(Array, false)
#8 C:\xampp\htdocs\treasureHunt\app\Controllers\Home.php(75): CodeIgniter\BaseModel->save(Array)
#9 C:\xampp\htdocs\treasureHunt\system\CodeIgniter.php(934): App\Controllers\Home->adminPanel()
#10 C:\xampp\htdocs\treasureHunt\system\CodeIgniter.php(499): CodeIgniter\CodeIgniter->runController(Object(App\Controllers\Home))
#11 C:\xampp\htdocs\treasureHunt\system\CodeIgniter.php(368): CodeIgniter\CodeIgniter->handleRequest(NULL, Object(Config\Cache), false)
#12 C:\xampp\htdocs\treasureHunt\public\index.php(67): CodeIgniter\CodeIgniter->run()
#13 {main}
CRITICAL - 2023-01-24 05:51:49 --> Duplicate entry 'user7009766371' for key 'uname'
in SYSTEMPATH\Database\BaseConnection.php on line 645.
 1 APPPATH\Models\UserModel.php(12): CodeIgniter\Database\BaseConnection->query('INSERT INTO `login`(`uname`,`pass`) VALUES(\'user7009766371\',\'$2y$10$R3EOlQTJhwrodr64ASGEVOUxvkw1f82NEqbhrQEGMHnONN/q2mEuW\')')
 2 SYSTEMPATH\BaseModel.php(1562): App\Models\UserModel->beforeInsert([...])
 3 SYSTEMPATH\BaseModel.php(779): CodeIgniter\BaseModel->trigger('beforeInsert', [...])
 4 SYSTEMPATH\Model.php(729): CodeIgniter\BaseModel->insert([...], false)
 5 SYSTEMPATH\BaseModel.php(692): CodeIgniter\Model->insert([...], false)
 6 APPPATH\Controllers\Home.php(75): CodeIgniter\BaseModel->save([...])
 7 SYSTEMPATH\CodeIgniter.php(934): App\Controllers\Home->adminPanel()
 8 SYSTEMPATH\CodeIgniter.php(499): CodeIgniter\CodeIgniter->runController(Object(App\Controllers\Home))
 9 SYSTEMPATH\CodeIgniter.php(368): CodeIgniter\CodeIgniter->handleRequest(null, Object(Config\Cache), false)
10 FCPATH\index.php(67): CodeIgniter\CodeIgniter->run()
ERROR - 2023-01-24 05:54:57 --> mysqli_sql_exception: Duplicate entry 'user7009766371' for key 'uname' in C:\xampp\htdocs\treasureHunt\system\Database\MySQLi\Connection.php:295
Stack trace:
#0 C:\xampp\htdocs\treasureHunt\system\Database\MySQLi\Connection.php(295): mysqli->query('INSERT INTO `lo...', 0)
#1 C:\xampp\htdocs\treasureHunt\system\Database\BaseConnection.php(691): CodeIgniter\Database\MySQLi\Connection->execute('INSERT INTO `lo...')
#2 C:\xampp\htdocs\treasureHunt\system\Database\BaseConnection.php(605): CodeIgniter\Database\BaseConnection->simpleQuery('INSERT INTO `lo...')
#3 C:\xampp\htdocs\treasureHunt\app\Models\UserModel.php(12): CodeIgniter\Database\BaseConnection->query('INSERT INTO `lo...')
#4 C:\xampp\htdocs\treasureHunt\system\BaseModel.php(1562): App\Models\UserModel->beforeInsert(Array)
#5 C:\xampp\htdocs\treasureHunt\system\BaseModel.php(779): CodeIgniter\BaseModel->trigger('beforeInsert', Array)
#6 C:\xampp\htdocs\treasureHunt\system\Model.php(729): CodeIgniter\BaseModel->insert(Array, false)
#7 C:\xampp\htdocs\treasureHunt\system\BaseModel.php(692): CodeIgniter\Model->insert(Array, false)
#8 C:\xampp\htdocs\treasureHunt\app\Controllers\Home.php(75): CodeIgniter\BaseModel->save(Array)
#9 C:\xampp\htdocs\treasureHunt\system\CodeIgniter.php(934): App\Controllers\Home->adminPanel()
#10 C:\xampp\htdocs\treasureHunt\system\CodeIgniter.php(499): CodeIgniter\CodeIgniter->runController(Object(App\Controllers\Home))
#11 C:\xampp\htdocs\treasureHunt\system\CodeIgniter.php(368): CodeIgniter\CodeIgniter->handleRequest(NULL, Object(Config\Cache), false)
#12 C:\xampp\htdocs\treasureHunt\public\index.php(67): CodeIgniter\CodeIgniter->run()
#13 {main}
CRITICAL - 2023-01-24 05:54:57 --> Duplicate entry 'user7009766371' for key 'uname'
in SYSTEMPATH\Database\BaseConnection.php on line 645.
 1 APPPATH\Models\UserModel.php(12): CodeIgniter\Database\BaseConnection->query('INSERT INTO `login`(`uname`,`pass`) VALUES(\'user7009766371\',\'$2y$10$WxHs3HwRb/FCPEf0uYg.se.ljI8FXQjymzMY86NAeeGgcxcd78U7.\')')
 2 SYSTEMPATH\BaseModel.php(1562): App\Models\UserModel->beforeInsert([...])
 3 SYSTEMPATH\BaseModel.php(779): CodeIgniter\BaseModel->trigger('beforeInsert', [...])
 4 SYSTEMPATH\Model.php(729): CodeIgniter\BaseModel->insert([...], false)
 5 SYSTEMPATH\BaseModel.php(692): CodeIgniter\Model->insert([...], false)
 6 APPPATH\Controllers\Home.php(75): CodeIgniter\BaseModel->save([...])
 7 SYSTEMPATH\CodeIgniter.php(934): App\Controllers\Home->adminPanel()
 8 SYSTEMPATH\CodeIgniter.php(499): CodeIgniter\CodeIgniter->runController(Object(App\Controllers\Home))
 9 SYSTEMPATH\CodeIgniter.php(368): CodeIgniter\CodeIgniter->handleRequest(null, Object(Config\Cache), false)
10 FCPATH\index.php(67): CodeIgniter\CodeIgniter->run()
INFO - 2023-01-24 05:55:15 --> Session: Class initialized using 'CodeIgniter\Session\Handlers\FileHandler' driver.
CRITICAL - 2023-01-24 05:57:39 --> Undefined array key "phone"
in APPPATH\Models\UserModel.php on line 11.
 1 APPPATH\Models\UserModel.php(11): CodeIgniter\Debug\Exceptions->errorHandler(2, 'Undefined array key "phone"', 'APPPATH\\Models\\UserModel.php', 11)
 2 SYSTEMPATH\BaseModel.php(1562): App\Models\UserModel->beforeInsert([...])
 3 SYSTEMPATH\BaseModel.php(779): CodeIgniter\BaseModel->trigger('beforeInsert', [...])
 4 SYSTEMPATH\Model.php(729): CodeIgniter\BaseModel->insert([...], false)
 5 SYSTEMPATH\BaseModel.php(692): CodeIgniter\Model->insert([...], false)
 6 APPPATH\Controllers\Home.php(75): CodeIgniter\BaseModel->save([...])
 7 SYSTEMPATH\CodeIgniter.php(934): App\Controllers\Home->adminPanel()
 8 SYSTEMPATH\CodeIgniter.php(499): CodeIgniter\CodeIgniter->runController(Object(App\Controllers\Home))
 9 SYSTEMPATH\CodeIgniter.php(368): CodeIgniter\CodeIgniter->handleRequest(null, Object(Config\Cache), false)
10 FCPATH\index.php(67): CodeIgniter\CodeIgniter->run()
ERROR - 2023-01-24 05:59:04 --> mysqli_sql_exception: Unknown column 'phone' in 'field list' in C:\xampp\htdocs\treasureHunt\system\Database\MySQLi\Connection.php:295
Stack trace:
#0 C:\xampp\htdocs\treasureHunt\system\Database\MySQLi\Connection.php(295): mysqli->query('INSERT INTO `pa...', 0)
#1 C:\xampp\htdocs\treasureHunt\system\Database\BaseConnection.php(691): CodeIgniter\Database\MySQLi\Connection->execute('INSERT INTO `pa...')
#2 C:\xampp\htdocs\treasureHunt\system\Database\BaseConnection.php(605): CodeIgniter\Database\BaseConnection->simpleQuery('INSERT INTO `pa...')
#3 C:\xampp\htdocs\treasureHunt\system\Database\BaseBuilder.php(2295): CodeIgniter\Database\BaseConnection->query('INSERT INTO `pa...', Array, false)
#4 C:\xampp\htdocs\treasureHunt\system\Model.php(329): CodeIgniter\Database\BaseBuilder->insert()
#5 C:\xampp\htdocs\treasureHunt\system\BaseModel.php(782): CodeIgniter\Model->doInsert(Array)
#6 C:\xampp\htdocs\treasureHunt\system\Model.php(729): CodeIgniter\BaseModel->insert(Array, false)
#7 C:\xampp\htdocs\treasureHunt\system\BaseModel.php(692): CodeIgniter\Model->insert(Array, false)
#8 C:\xampp\htdocs\treasureHunt\app\Controllers\Home.php(75): CodeIgniter\BaseModel->save(Array)
#9 C:\xampp\htdocs\treasureHunt\system\CodeIgniter.php(934): App\Controllers\Home->adminPanel()
#10 C:\xampp\htdocs\treasureHunt\system\CodeIgniter.php(499): CodeIgniter\CodeIgniter->runController(Object(App\Controllers\Home))
#11 C:\xampp\htdocs\treasureHunt\system\CodeIgniter.php(368): CodeIgniter\CodeIgniter->handleRequest(NULL, Object(Config\Cache), false)
#12 C:\xampp\htdocs\treasureHunt\public\index.php(67): CodeIgniter\CodeIgniter->run()
#13 {main}
CRITICAL - 2023-01-24 05:59:04 --> Unknown column 'phone' in 'field list'
in SYSTEMPATH\Database\BaseConnection.php on line 645.
 1 SYSTEMPATH\Database\BaseBuilder.php(2295): CodeIgniter\Database\BaseConnection->query('INSERT INTO `participants` (`p1`, `p2`, `phone`, `id`) VALUES (:p1:, :p2:, :phone:, :id:)', [...], false)
 2 SYSTEMPATH\Model.php(329): CodeIgniter\Database\BaseBuilder->insert()
 3 SYSTEMPATH\BaseModel.php(782): CodeIgniter\Model->doInsert([...])
 4 SYSTEMPATH\Model.php(729): CodeIgniter\BaseModel->insert([...], false)
 5 SYSTEMPATH\BaseModel.php(692): CodeIgniter\Model->insert([...], false)
 6 APPPATH\Controllers\Home.php(75): CodeIgniter\BaseModel->save([...])
 7 SYSTEMPATH\CodeIgniter.php(934): App\Controllers\Home->adminPanel()
 8 SYSTEMPATH\CodeIgniter.php(499): CodeIgniter\CodeIgniter->runController(Object(App\Controllers\Home))
 9 SYSTEMPATH\CodeIgniter.php(368): CodeIgniter\CodeIgniter->handleRequest(null, Object(Config\Cache), false)
10 FCPATH\index.php(67): CodeIgniter\CodeIgniter->run()
INFO - 2023-01-24 05:59:48 --> Session: Class initialized using 'CodeIgniter\Session\Handlers\FileHandler' driver.
ERROR - 2023-01-24 06:02:51 --> mysqli_sql_exception: Duplicate entry 'user7009766371' for key 'uname' in C:\xampp\htdocs\treasureHunt\system\Database\MySQLi\Connection.php:295
Stack trace:
#0 C:\xampp\htdocs\treasureHunt\system\Database\MySQLi\Connection.php(295): mysqli->query('INSERT INTO `lo...', 0)
#1 C:\xampp\htdocs\treasureHunt\system\Database\BaseConnection.php(691): CodeIgniter\Database\MySQLi\Connection->execute('INSERT INTO `lo...')
#2 C:\xampp\htdocs\treasureHunt\system\Database\BaseConnection.php(605): CodeIgniter\Database\BaseConnection->simpleQuery('INSERT INTO `lo...')
#3 C:\xampp\htdocs\treasureHunt\app\Models\UserModel.php(14): CodeIgniter\Database\BaseConnection->query('INSERT INTO `lo...')
#4 C:\xampp\htdocs\treasureHunt\system\BaseModel.php(1562): App\Models\UserModel->beforeInsert(Array)
#5 C:\xampp\htdocs\treasureHunt\system\BaseModel.php(779): CodeIgniter\BaseModel->trigger('beforeInsert', Array)
#6 C:\xampp\htdocs\treasureHunt\system\Model.php(729): CodeIgniter\BaseModel->insert(Array, false)
#7 C:\xampp\htdocs\treasureHunt\system\BaseModel.php(692): CodeIgniter\Model->insert(Array, false)
#8 C:\xampp\htdocs\treasureHunt\app\Controllers\Home.php(75): CodeIgniter\BaseModel->save(Array)
#9 C:\xampp\htdocs\treasureHunt\system\CodeIgniter.php(934): App\Controllers\Home->adminPanel()
#10 C:\xampp\htdocs\treasureHunt\system\CodeIgniter.php(499): CodeIgniter\CodeIgniter->runController(Object(App\Controllers\Home))
#11 C:\xampp\htdocs\treasureHunt\system\CodeIgniter.php(368): CodeIgniter\CodeIgniter->handleRequest(NULL, Object(Config\Cache), false)
#12 C:\xampp\htdocs\treasureHunt\public\index.php(67): CodeIgniter\CodeIgniter->run()
#13 {main}
CRITICAL - 2023-01-24 06:02:51 --> Duplicate entry 'user7009766371' for key 'uname'
in SYSTEMPATH\Database\BaseConnection.php on line 645.
 1 APPPATH\Models\UserModel.php(14): CodeIgniter\Database\BaseConnection->query('INSERT INTO `login`(`uname`,`pass`) VALUES(\'user7009766371\',\'$2y$10$TbPPXedZT1of0yOHnUUXQu3aszRirKYLjOdUsduyv6dCYbmritKXC\')')
 2 SYSTEMPATH\BaseModel.php(1562): App\Models\UserModel->beforeInsert([...])
 3 SYSTEMPATH\BaseModel.php(779): CodeIgniter\BaseModel->trigger('beforeInsert', [...])
 4 SYSTEMPATH\Model.php(729): CodeIgniter\BaseModel->insert([...], false)
 5 SYSTEMPATH\BaseModel.php(692): CodeIgniter\Model->insert([...], false)
 6 APPPATH\Controllers\Home.php(75): CodeIgniter\BaseModel->save([...])
 7 SYSTEMPATH\CodeIgniter.php(934): App\Controllers\Home->adminPanel()
 8 SYSTEMPATH\CodeIgniter.php(499): CodeIgniter\CodeIgniter->runController(Object(App\Controllers\Home))
 9 SYSTEMPATH\CodeIgniter.php(368): CodeIgniter\CodeIgniter->handleRequest(null, Object(Config\Cache), false)
10 FCPATH\index.php(67): CodeIgniter\CodeIgniter->run()
INFO - 2023-01-24 06:03:36 --> Session: Class initialized using 'CodeIgniter\Session\Handlers\FileHandler' driver.
INFO - 2023-01-24 06:06:57 --> Session: Class initialized using 'CodeIgniter\Session\Handlers\FileHandler' driver.
INFO - 2023-01-24 06:09:38 --> Session: Class initialized using 'CodeIgniter\Session\Handlers\FileHandler' driver.
INFO - 2023-01-24 06:11:10 --> Session: Class initialized using 'CodeIgniter\Session\Handlers\FileHandler' driver.
INFO - 2023-01-24 06:39:46 --> Session: Class initialized using 'CodeIgniter\Session\Handlers\FileHandler' driver.
INFO - 2023-01-24 07:05:53 --> Session: Class initialized using 'CodeIgniter\Session\Handlers\FileHandler' driver.
INFO - 2023-01-24 07:06:10 --> Session: Class initialized using 'CodeIgniter\Session\Handlers\FileHandler' driver.
INFO - 2023-01-24 07:06:13 --> Session: Class initialized using 'CodeIgniter\Session\Handlers\FileHandler' driver.
CRITICAL - 2023-01-24 07:37:28 --> syntax error, unexpected token "}", expecting ";"
in APPPATH\Controllers\Home.php on line 44.
 1 SYSTEMPATH\Autoloader\Autoloader.php(289): CodeIgniter\Autoloader\Autoloader->includeFile('APPPATH\\Controllers\\Home.php')
 2 SYSTEMPATH\Autoloader\Autoloader.php(267): CodeIgniter\Autoloader\Autoloader->loadInNamespace('App\\Controllers\\Home')
 3 [internal function]: CodeIgniter\Autoloader\Autoloader->loadClass('App\\Controllers\\Home')
 4 SYSTEMPATH\CodeIgniter.php(892): class_exists('\\App\\Controllers\\Home', true)
 5 SYSTEMPATH\CodeIgniter.php(486): CodeIgniter\CodeIgniter->startController()
 6 SYSTEMPATH\CodeIgniter.php(368): CodeIgniter\CodeIgniter->handleRequest(null, Object(Config\Cache), false)
 7 FCPATH\index.php(67): CodeIgniter\CodeIgniter->run()
CRITICAL - 2023-01-24 07:38:03 --> Cannot use object of type stdClass as array
in APPPATH\Controllers\Home.php on line 35.
 1 SYSTEMPATH\CodeIgniter.php(934): App\Controllers\Home->login()
 2 SYSTEMPATH\CodeIgniter.php(499): CodeIgniter\CodeIgniter->runController(Object(App\Controllers\Home))
 3 SYSTEMPATH\CodeIgniter.php(368): CodeIgniter\CodeIgniter->handleRequest(null, Object(Config\Cache), false)
 4 FCPATH\index.php(67): CodeIgniter\CodeIgniter->run()
INFO - 2023-01-24 07:38:56 --> Session: Class initialized using 'CodeIgniter\Session\Handlers\FileHandler' driver.
CRITICAL - 2023-01-24 07:38:56 --> Undefined variable $title
in APPPATH\Views\layout.php on line 7.
 1 APPPATH\Views\layout.php(7): CodeIgniter\Debug\Exceptions->errorHandler(2, 'Undefined variable $title', 'APPPATH\\Views\\layout.php', 7)
 2 SYSTEMPATH\View\View.php(213): include('APPPATH\\Views\\layout.php')
 3 SYSTEMPATH\View\View.php(216): CodeIgniter\View\View->CodeIgniter\View\{closure}()
 4 SYSTEMPATH\View\View.php(229): CodeIgniter\View\View->render('layout', [], true)
 5 SYSTEMPATH\Common.php(1177): CodeIgniter\View\View->render('pages/admin', [], true)
 6 APPPATH\Controllers\Home.php(43): view('pages/admin')
 7 SYSTEMPATH\CodeIgniter.php(934): App\Controllers\Home->login()
 8 SYSTEMPATH\CodeIgniter.php(499): CodeIgniter\CodeIgniter->runController(Object(App\Controllers\Home))
 9 SYSTEMPATH\CodeIgniter.php(368): CodeIgniter\CodeIgniter->handleRequest(null, Object(Config\Cache), false)
10 FCPATH\index.php(67): CodeIgniter\CodeIgniter->run()
INFO - 2023-01-24 07:39:29 --> Session: Class initialized using 'CodeIgniter\Session\Handlers\FileHandler' driver.
CRITICAL - 2023-01-24 07:39:29 --> Undefined variable $title
in APPPATH\Views\layout.php on line 7.
 1 APPPATH\Views\layout.php(7): CodeIgniter\Debug\Exceptions->errorHandler(2, 'Undefined variable $title', 'APPPATH\\Views\\layout.php', 7)
 2 SYSTEMPATH\View\View.php(213): include('APPPATH\\Views\\layout.php')
 3 SYSTEMPATH\View\View.php(216): CodeIgniter\View\View->CodeIgniter\View\{closure}()
 4 SYSTEMPATH\View\View.php(229): CodeIgniter\View\View->render('layout', [], true)
 5 SYSTEMPATH\Common.php(1177): CodeIgniter\View\View->render('pages/admin', [], true)
 6 APPPATH\Controllers\Home.php(43): view('pages/admin', [...])
 7 SYSTEMPATH\CodeIgniter.php(934): App\Controllers\Home->login()
 8 SYSTEMPATH\CodeIgniter.php(499): CodeIgniter\CodeIgniter->runController(Object(App\Controllers\Home))
 9 SYSTEMPATH\CodeIgniter.php(368): CodeIgniter\CodeIgniter->handleRequest(null, Object(Config\Cache), false)
10 FCPATH\index.php(67): CodeIgniter\CodeIgniter->run()
INFO - 2023-01-24 07:40:10 --> Session: Class initialized using 'CodeIgniter\Session\Handlers\FileHandler' driver.
CRITICAL - 2023-01-24 07:49:49 --> syntax error, unexpected token "(", expecting identifier or variable or "{" or "$"
in APPPATH\Config\Routes.php on line 34.
 1 SYSTEMPATH\CodeIgniter.php(802): CodeIgniter\Router\RouteCollection->loadRoutes()
 2 SYSTEMPATH\CodeIgniter.php(449): CodeIgniter\CodeIgniter->tryToRouteIt(null)
 3 SYSTEMPATH\CodeIgniter.php(368): CodeIgniter\CodeIgniter->handleRequest(null, Object(Config\Cache), false)
 4 FCPATH\index.php(67): CodeIgniter\CodeIgniter->run()
INFO - 2023-01-24 07:50:18 --> Session: Class initialized using 'CodeIgniter\Session\Handlers\FileHandler' driver.
INFO - 2023-01-24 07:50:40 --> Session: Class initialized using 'CodeIgniter\Session\Handlers\FileHandler' driver.
CRITICAL - 2023-01-24 07:50:40 --> Invalid file: "pages/user/dashboard.php"
in SYSTEMPATH\Exceptions\FrameworkException.php on line 33.
 1 SYSTEMPATH\View\View.php(201): CodeIgniter\Exceptions\FrameworkException::forInvalidFile('pages/user/dashboard.php')
 2 SYSTEMPATH\Common.php(1177): CodeIgniter\View\View->render('pages/user/dashboard', [], true)
 3 APPPATH\Controllers\Home.php(47): view('pages/user/dashboard', [...])
 4 SYSTEMPATH\CodeIgniter.php(934): App\Controllers\Home->login()
 5 SYSTEMPATH\CodeIgniter.php(499): CodeIgniter\CodeIgniter->runController(Object(App\Controllers\Home))
 6 SYSTEMPATH\CodeIgniter.php(368): CodeIgniter\CodeIgniter->handleRequest(null, Object(Config\Cache), false)
 7 FCPATH\index.php(67): CodeIgniter\CodeIgniter->run()
CRITICAL - 2023-01-24 08:08:12 --> syntax error, unexpected token "else"
in APPPATH\Controllers\Home.php on line 53.
 1 SYSTEMPATH\Autoloader\Autoloader.php(289): CodeIgniter\Autoloader\Autoloader->includeFile('APPPATH\\Controllers\\Home.php')
 2 SYSTEMPATH\Autoloader\Autoloader.php(267): CodeIgniter\Autoloader\Autoloader->loadInNamespace('App\\Controllers\\Home')
 3 [internal function]: CodeIgniter\Autoloader\Autoloader->loadClass('App\\Controllers\\Home')
 4 SYSTEMPATH\CodeIgniter.php(892): class_exists('\\App\\Controllers\\Home', true)
 5 SYSTEMPATH\CodeIgniter.php(486): CodeIgniter\CodeIgniter->startController()
 6 SYSTEMPATH\CodeIgniter.php(368): CodeIgniter\CodeIgniter->handleRequest(null, Object(Config\Cache), false)
 7 FCPATH\index.php(67): CodeIgniter\CodeIgniter->run()
CRITICAL - 2023-01-24 08:08:22 --> syntax error, unexpected token "else"
in APPPATH\Controllers\Home.php on line 53.
 1 SYSTEMPATH\Autoloader\Autoloader.php(289): CodeIgniter\Autoloader\Autoloader->includeFile('APPPATH\\Controllers\\Home.php')
 2 SYSTEMPATH\Autoloader\Autoloader.php(267): CodeIgniter\Autoloader\Autoloader->loadInNamespace('App\\Controllers\\Home')
 3 [internal function]: CodeIgniter\Autoloader\Autoloader->loadClass('App\\Controllers\\Home')
 4 SYSTEMPATH\CodeIgniter.php(892): class_exists('\\App\\Controllers\\Home', true)
 5 SYSTEMPATH\CodeIgniter.php(486): CodeIgniter\CodeIgniter->startController()
 6 SYSTEMPATH\CodeIgniter.php(368): CodeIgniter\CodeIgniter->handleRequest(null, Object(Config\Cache), false)
 7 FCPATH\index.php(67): CodeIgniter\CodeIgniter->run()
INFO - 2023-01-24 08:08:55 --> Session: Class initialized using 'CodeIgniter\Session\Handlers\FileHandler' driver.
CRITICAL - 2023-01-24 08:08:55 --> Invalid file: "pages/user.php"
in SYSTEMPATH\Exceptions\FrameworkException.php on line 33.
 1 SYSTEMPATH\View\View.php(201): CodeIgniter\Exceptions\FrameworkException::forInvalidFile('pages/user.php')
 2 SYSTEMPATH\Common.php(1177): CodeIgniter\View\View->render('pages/user', [], true)
 3 APPPATH\Controllers\Home.php(67): view('pages/user', [...])
 4 SYSTEMPATH\CodeIgniter.php(934): App\Controllers\Home->login()
 5 SYSTEMPATH\CodeIgniter.php(499): CodeIgniter\CodeIgniter->runController(Object(App\Controllers\Home))
 6 SYSTEMPATH\CodeIgniter.php(368): CodeIgniter\CodeIgniter->handleRequest(null, Object(Config\Cache), false)
 7 FCPATH\index.php(67): CodeIgniter\CodeIgniter->run()
INFO - 2023-01-24 08:09:36 --> Session: Class initialized using 'CodeIgniter\Session\Handlers\FileHandler' driver.
INFO - 2023-01-24 08:09:44 --> Session: Class initialized using 'CodeIgniter\Session\Handlers\FileHandler' driver.
INFO - 2023-01-24 08:09:44 --> Session: Class initialized using 'CodeIgniter\Session\Handlers\FileHandler' driver.
INFO - 2023-01-24 08:09:51 --> Session: Class initialized using 'CodeIgniter\Session\Handlers\FileHandler' driver.
